<?xml version="1.0" encoding="UTF-8"?>
<coverage generated="1617720194401" clover="3.2.0">
  <project timestamp="1617720194401" name="All files">
    <metrics statements="94" coveredstatements="51" conditionals="29" coveredconditionals="21" methods="42" coveredmethods="19" elements="165" coveredelements="91" complexity="0" loc="94" ncloc="94" packages="5" files="15" classes="15"/>
    <package name="src">
      <metrics statements="5" coveredstatements="0" conditionals="2" coveredconditionals="0" methods="2" coveredmethods="0"/>
      <file name="App.js" path="/Users/simonhoyos/Documents/makeitreal/top/top-v8/testing/tasks/frontend/src/App.js">
        <metrics statements="4" coveredstatements="0" conditionals="2" coveredconditionals="0" methods="2" coveredmethods="0"/>
        <line num="16" count="0" type="stmt"/>
        <line num="18" count="0" type="cond" truecount="0" falsecount="2"/>
        <line num="19" count="0" type="stmt"/>
        <line num="25" count="0" type="stmt"/>
      </file>
      <file name="index.js" path="/Users/simonhoyos/Documents/makeitreal/top/top-v8/testing/tasks/frontend/src/index.js">
        <metrics statements="1" coveredstatements="0" conditionals="0" coveredconditionals="0" methods="0" coveredmethods="0"/>
        <line num="7" count="0" type="stmt"/>
      </file>
    </package>
    <package name="src.components">
      <metrics statements="14" coveredstatements="8" conditionals="12" coveredconditionals="10" methods="10" coveredmethods="5"/>
      <file name="NavBar.js" path="/Users/simonhoyos/Documents/makeitreal/top/top-v8/testing/tasks/frontend/src/components/NavBar.js">
        <metrics statements="2" coveredstatements="0" conditionals="2" coveredconditionals="0" methods="1" coveredmethods="0"/>
        <line num="5" count="0" type="stmt"/>
        <line num="7" count="0" type="stmt"/>
      </file>
      <file name="Task.js" path="/Users/simonhoyos/Documents/makeitreal/top/top-v8/testing/tasks/frontend/src/components/Task.js">
        <metrics statements="4" coveredstatements="2" conditionals="4" coveredconditionals="4" methods="3" coveredmethods="1"/>
        <line num="13" count="0" type="stmt"/>
        <line num="17" count="0" type="stmt"/>
        <line num="20" count="3" type="stmt"/>
        <line num="42" count="1" type="stmt"/>
      </file>
      <file name="TaskForm.js" path="/Users/simonhoyos/Documents/makeitreal/top/top-v8/testing/tasks/frontend/src/components/TaskForm.js">
        <metrics statements="1" coveredstatements="0" conditionals="0" coveredconditionals="0" methods="1" coveredmethods="0"/>
        <line num="4" count="0" type="stmt"/>
      </file>
      <file name="Tasks.js" path="/Users/simonhoyos/Documents/makeitreal/top/top-v8/testing/tasks/frontend/src/components/Tasks.js">
        <metrics statements="6" coveredstatements="6" conditionals="6" coveredconditionals="6" methods="4" coveredmethods="4"/>
        <line num="8" count="2" type="stmt"/>
        <line num="9" count="1" type="stmt"/>
        <line num="12" count="2" type="stmt"/>
        <line num="19" count="3" type="stmt"/>
        <line num="31" count="2" type="stmt"/>
        <line num="34" count="1" type="stmt"/>
      </file>
      <file name="UserForm.js" path="/Users/simonhoyos/Documents/makeitreal/top/top-v8/testing/tasks/frontend/src/components/UserForm.js">
        <metrics statements="1" coveredstatements="0" conditionals="0" coveredconditionals="0" methods="1" coveredmethods="0"/>
        <line num="4" count="0" type="stmt"/>
      </file>
    </package>
    <package name="src.pages">
      <metrics statements="16" coveredstatements="0" conditionals="2" coveredconditionals="0" methods="10" coveredmethods="0"/>
      <file name="Create.js" path="/Users/simonhoyos/Documents/makeitreal/top/top-v8/testing/tasks/frontend/src/pages/Create.js">
        <metrics statements="5" coveredstatements="0" conditionals="2" coveredconditionals="0" methods="3" coveredmethods="0"/>
        <line num="13" count="0" type="stmt"/>
        <line num="14" count="0" type="stmt"/>
        <line num="17" count="0" type="stmt"/>
        <line num="30" count="0" type="stmt"/>
        <line num="36" count="0" type="stmt"/>
      </file>
      <file name="Home.js" path="/Users/simonhoyos/Documents/makeitreal/top/top-v8/testing/tasks/frontend/src/pages/Home.js">
        <metrics statements="1" coveredstatements="0" conditionals="0" coveredconditionals="0" methods="1" coveredmethods="0"/>
        <line num="5" count="0" type="stmt"/>
      </file>
      <file name="Signin.js" path="/Users/simonhoyos/Documents/makeitreal/top/top-v8/testing/tasks/frontend/src/pages/Signin.js">
        <metrics statements="5" coveredstatements="0" conditionals="0" coveredconditionals="0" methods="3" coveredmethods="0"/>
        <line num="9" count="0" type="stmt"/>
        <line num="10" count="0" type="stmt"/>
        <line num="13" count="0" type="stmt"/>
        <line num="27" count="0" type="stmt"/>
        <line num="32" count="0" type="stmt"/>
      </file>
      <file name="Signup.js" path="/Users/simonhoyos/Documents/makeitreal/top/top-v8/testing/tasks/frontend/src/pages/Signup.js">
        <metrics statements="5" coveredstatements="0" conditionals="0" coveredconditionals="0" methods="3" coveredmethods="0"/>
        <line num="9" count="0" type="stmt"/>
        <line num="10" count="0" type="stmt"/>
        <line num="13" count="0" type="stmt"/>
        <line num="27" count="0" type="stmt"/>
        <line num="32" count="0" type="stmt"/>
      </file>
    </package>
    <package name="src.store">
      <metrics statements="58" coveredstatements="42" conditionals="13" coveredconditionals="11" methods="20" coveredmethods="14"/>
      <file name="index.js" path="/Users/simonhoyos/Documents/makeitreal/top/top-v8/testing/tasks/frontend/src/store/index.js">
        <metrics statements="3" coveredstatements="3" conditionals="0" coveredconditionals="0" methods="0" coveredmethods="0"/>
        <line num="6" count="1" type="stmt"/>
        <line num="11" count="1" type="stmt"/>
        <line num="13" count="1" type="stmt"/>
      </file>
      <file name="tasksReducer.js" path="/Users/simonhoyos/Documents/makeitreal/top/top-v8/testing/tasks/frontend/src/store/tasksReducer.js">
        <metrics statements="33" coveredstatements="33" conditionals="9" coveredconditionals="9" methods="13" coveredmethods="13"/>
        <line num="3" count="2" type="stmt"/>
        <line num="4" count="2" type="stmt"/>
        <line num="5" count="2" type="stmt"/>
        <line num="6" count="2" type="stmt"/>
        <line num="7" count="2" type="stmt"/>
        <line num="10" count="2" type="stmt"/>
        <line num="11" count="2" type="stmt"/>
        <line num="13" count="2" type="stmt"/>
        <line num="22" count="2" type="stmt"/>
        <line num="30" count="1" type="stmt"/>
        <line num="31" count="1" type="stmt"/>
        <line num="32" count="1" type="stmt"/>
        <line num="43" count="1" type="stmt"/>
        <line num="51" count="1" type="stmt"/>
        <line num="52" count="1" type="stmt"/>
        <line num="53" count="1" type="stmt"/>
        <line num="62" count="1" type="stmt"/>
        <line num="70" count="1" type="stmt"/>
        <line num="71" count="1" type="stmt"/>
        <line num="72" count="1" type="stmt"/>
        <line num="81" count="1" type="stmt"/>
        <line num="89" count="1" type="stmt"/>
        <line num="90" count="1" type="stmt"/>
        <line num="97" count="2" type="stmt"/>
        <line num="104" count="10" type="cond" truecount="6" falsecount="0"/>
        <line num="106" count="2" type="stmt"/>
        <line num="111" count="1" type="stmt"/>
        <line num="117" count="1" type="stmt"/>
        <line num="120" count="3" type="cond" truecount="2" falsecount="0"/>
        <line num="124" count="1" type="stmt"/>
        <line num="126" count="3" type="stmt"/>
        <line num="129" count="1" type="stmt"/>
        <line num="134" count="4" type="stmt"/>
      </file>
      <file name="usersReducer.js" path="/Users/simonhoyos/Documents/makeitreal/top/top-v8/testing/tasks/frontend/src/store/usersReducer.js">
        <metrics statements="22" coveredstatements="6" conditionals="4" coveredconditionals="2" methods="7" coveredmethods="1"/>
        <line num="4" count="1" type="stmt"/>
        <line num="5" count="1" type="stmt"/>
        <line num="7" count="1" type="stmt"/>
        <line num="13" count="0" type="stmt"/>
        <line num="14" count="0" type="stmt"/>
        <line num="22" count="0" type="stmt"/>
        <line num="23" count="0" type="stmt"/>
        <line num="24" count="0" type="stmt"/>
        <line num="34" count="0" type="stmt"/>
        <line num="35" count="0" type="stmt"/>
        <line num="37" count="0" type="stmt"/>
        <line num="43" count="0" type="stmt"/>
        <line num="44" count="0" type="stmt"/>
        <line num="45" count="0" type="stmt"/>
        <line num="55" count="0" type="stmt"/>
        <line num="56" count="0" type="stmt"/>
        <line num="58" count="0" type="stmt"/>
        <line num="63" count="1" type="stmt"/>
        <line num="69" count="4" type="cond" truecount="1" falsecount="2"/>
        <line num="71" count="0" type="stmt"/>
        <line num="76" count="0" type="stmt"/>
        <line num="81" count="4" type="stmt"/>
      </file>
    </package>
    <package name="src.utils">
      <metrics statements="1" coveredstatements="1" conditionals="0" coveredconditionals="0" methods="0" coveredmethods="0"/>
      <file name="history.js" path="/Users/simonhoyos/Documents/makeitreal/top/top-v8/testing/tasks/frontend/src/utils/history.js">
        <metrics statements="1" coveredstatements="1" conditionals="0" coveredconditionals="0" methods="0" coveredmethods="0"/>
        <line num="3" count="1" type="stmt"/>
      </file>
    </package>
  </project>
</coverage>
