TN:
SF:/Users/simonhoyos/Documents/makeitreal/top/top-v8/testing/tasks/frontend/src/App.js
FN:15,PrivateRoute
FN:24,App
FNF:2
FNH:0
FNDA:0,PrivateRoute
FNDA:0,App
DA:16,0
DA:18,0
DA:19,0
DA:25,0
LF:4
LH:0
BRDA:18,0,0,0
BRDA:18,0,1,0
BRF:2
BRH:0
end_of_record
TN:
SF:/Users/simonhoyos/Documents/makeitreal/top/top-v8/testing/tasks/frontend/src/index.js
FNF:0
FNH:0
DA:7,0
LF:1
LH:0
BRF:0
BRH:0
end_of_record
TN:
SF:/Users/simonhoyos/Documents/makeitreal/top/top-v8/testing/tasks/frontend/src/components/NavBar.js
FN:4,NavBar
FNF:1
FNH:0
FNDA:0,NavBar
DA:5,0
DA:7,0
LF:2
LH:0
BRDA:10,0,0,0
BRDA:10,0,1,0
BRF:2
BRH:0
end_of_record
TN:
SF:/Users/simonhoyos/Documents/makeitreal/top/top-v8/testing/tasks/frontend/src/components/Task.js
FN:5,Task
FN:12,handleComplete
FN:16,handleDelete
FNF:3
FNH:1
FNDA:3,Task
FNDA:0,handleComplete
FNDA:0,handleDelete
DA:13,0
DA:17,0
DA:20,3
DA:42,1
LF:4
LH:2
BRDA:23,0,0,1
BRDA:23,0,1,2
BRDA:29,1,0,1
BRDA:29,1,1,2
BRF:4
BRH:4
end_of_record
TN:
SF:/Users/simonhoyos/Documents/makeitreal/top/top-v8/testing/tasks/frontend/src/components/TaskForm.js
FN:3,TaskForm
FNF:1
FNH:0
FNDA:0,TaskForm
DA:4,0
LF:1
LH:0
BRF:0
BRH:0
end_of_record
TN:
SF:/Users/simonhoyos/Documents/makeitreal/top/top-v8/testing/tasks/frontend/src/components/Tasks.js
FN:7,Tasks
FN:8,(anonymous_1)
FN:18,(anonymous_2)
FN:30,mapStateToProps
FNF:4
FNH:4
FNDA:2,Tasks
FNDA:1,(anonymous_1)
FNDA:3,(anonymous_2)
FNDA:2,mapStateToProps
DA:8,2
DA:9,1
DA:12,2
DA:19,3
DA:31,2
DA:34,1
LF:6
LH:6
BRDA:15,0,0,2
BRDA:15,0,1,2
BRDA:15,0,2,1
BRDA:18,1,0,2
BRDA:18,1,1,2
BRDA:18,1,2,1
BRF:6
BRH:6
end_of_record
TN:
SF:/Users/simonhoyos/Documents/makeitreal/top/top-v8/testing/tasks/frontend/src/components/UserForm.js
FN:3,UserForm
FNF:1
FNH:0
FNDA:0,UserForm
DA:4,0
LF:1
LH:0
BRF:0
BRH:0
end_of_record
TN:
SF:/Users/simonhoyos/Documents/makeitreal/top/top-v8/testing/tasks/frontend/src/pages/Create.js
FN:6,Create
FN:12,handleSubmit
FN:29,mapStateToProps
FNF:3
FNH:0
FNDA:0,Create
FNDA:0,handleSubmit
FNDA:0,mapStateToProps
DA:13,0
DA:14,0
DA:17,0
DA:30,0
DA:36,0
LF:5
LH:0
BRDA:24,0,0,0
BRDA:24,0,1,0
BRF:2
BRH:0
end_of_record
TN:
SF:/Users/simonhoyos/Documents/makeitreal/top/top-v8/testing/tasks/frontend/src/pages/Home.js
FN:4,Home
FNF:1
FNH:0
FNDA:0,Home
DA:5,0
LF:1
LH:0
BRF:0
BRH:0
end_of_record
TN:
SF:/Users/simonhoyos/Documents/makeitreal/top/top-v8/testing/tasks/frontend/src/pages/Signin.js
FN:7,Signin
FN:8,handleSubmit
FN:26,mapStateToProps
FNF:3
FNH:0
FNDA:0,Signin
FNDA:0,handleSubmit
FNDA:0,mapStateToProps
DA:9,0
DA:10,0
DA:13,0
DA:27,0
DA:32,0
LF:5
LH:0
BRF:0
BRH:0
end_of_record
TN:
SF:/Users/simonhoyos/Documents/makeitreal/top/top-v8/testing/tasks/frontend/src/pages/Signup.js
FN:7,Signup
FN:8,handleSubmit
FN:26,mapStateToProps
FNF:3
FNH:0
FNDA:0,Signup
FNDA:0,handleSubmit
FNDA:0,mapStateToProps
DA:9,0
DA:10,0
DA:13,0
DA:27,0
DA:32,0
LF:5
LH:0
BRF:0
BRH:0
end_of_record
TN:
SF:/Users/simonhoyos/Documents/makeitreal/top/top-v8/testing/tasks/frontend/src/store/index.js
FNF:0
FNH:0
DA:6,1
DA:11,1
DA:13,1
LF:3
LH:3
BRF:0
BRH:0
end_of_record
TN:
SF:/Users/simonhoyos/Documents/makeitreal/top/top-v8/testing/tasks/frontend/src/store/tasksReducer.js
FN:9,getTasks
FN:10,(anonymous_1)
FN:29,createTask
FN:30,(anonymous_3)
FN:50,completeTask
FN:51,(anonymous_5)
FN:69,deleteTask
FN:70,(anonymous_7)
FN:88,handleChange
FN:89,(anonymous_9)
FN:103,tasksReducer
FN:119,(anonymous_11)
FN:126,(anonymous_12)
FNF:13
FNH:13
FNDA:2,getTasks
FNDA:2,(anonymous_1)
FNDA:1,createTask
FNDA:1,(anonymous_3)
FNDA:1,completeTask
FNDA:1,(anonymous_5)
FNDA:1,deleteTask
FNDA:1,(anonymous_7)
FNDA:1,handleChange
FNDA:1,(anonymous_9)
FNDA:10,tasksReducer
FNDA:3,(anonymous_11)
FNDA:3,(anonymous_12)
DA:3,2
DA:4,2
DA:5,2
DA:6,2
DA:7,2
DA:10,2
DA:11,2
DA:13,2
DA:22,2
DA:30,1
DA:31,1
DA:32,1
DA:43,1
DA:51,1
DA:52,1
DA:53,1
DA:62,1
DA:70,1
DA:71,1
DA:72,1
DA:81,1
DA:89,1
DA:90,1
DA:97,2
DA:104,10
DA:106,2
DA:111,1
DA:117,1
DA:120,3
DA:124,1
DA:126,3
DA:129,1
DA:134,4
LF:33
LH:33
BRDA:103,0,0,7
BRDA:104,1,0,2
BRDA:104,1,1,1
BRDA:104,1,2,1
BRDA:104,1,3,1
BRDA:104,1,4,1
BRDA:104,1,5,4
BRDA:120,2,0,1
BRDA:120,2,1,2
BRF:9
BRH:9
end_of_record
TN:
SF:/Users/simonhoyos/Documents/makeitreal/top/top-v8/testing/tasks/frontend/src/store/usersReducer.js
FN:12,handleChange
FN:13,(anonymous_1)
FN:21,signup
FN:22,(anonymous_3)
FN:42,signin
FN:43,(anonymous_5)
FN:68,usersReducer
FNF:7
FNH:1
FNDA:0,handleChange
FNDA:0,(anonymous_1)
FNDA:0,signup
FNDA:0,(anonymous_3)
FNDA:0,signin
FNDA:0,(anonymous_5)
FNDA:4,usersReducer
DA:4,1
DA:5,1
DA:7,1
DA:13,0
DA:14,0
DA:22,0
DA:23,0
DA:24,0
DA:34,0
DA:35,0
DA:37,0
DA:43,0
DA:44,0
DA:45,0
DA:55,0
DA:56,0
DA:58,0
DA:63,1
DA:69,4
DA:71,0
DA:76,0
DA:81,4
LF:22
LH:6
BRDA:68,0,0,3
BRDA:69,1,0,0
BRDA:69,1,1,0
BRDA:69,1,2,4
BRF:4
BRH:2
end_of_record
TN:
SF:/Users/simonhoyos/Documents/makeitreal/top/top-v8/testing/tasks/frontend/src/utils/history.js
FNF:0
FNH:0
DA:3,1
LF:1
LH:1
BRF:0
BRH:0
end_of_record
