TN:
SF:src/app.js
FN:17,(anonymous_0)
FNF:1
FNH:1
FNDA:1,(anonymous_0)
DA:1,3
DA:2,3
DA:3,3
DA:4,3
DA:5,3
DA:6,3
DA:8,3
DA:10,3
DA:11,3
DA:12,3
DA:14,3
DA:15,3
DA:17,3
DA:18,1
DA:21,3
LF:15
LH:15
BRF:0
BRH:0
end_of_record
TN:
SF:src/db.js
FN:5,connect
FN:16,(anonymous_1)
FN:17,(anonymous_2)
FN:18,(anonymous_3)
FN:23,disconnect
FN:29,cleanup
FNF:6
FNH:5
FNDA:2,connect
FNDA:2,(anonymous_1)
FNDA:2,(anonymous_2)
FNDA:0,(anonymous_3)
FNDA:2,disconnect
FNDA:18,cleanup
DA:1,2
DA:6,2
DA:8,2
DA:10,2
DA:15,2
DA:16,2
DA:17,2
DA:18,2
DA:20,2
DA:24,2
DA:26,2
DA:30,18
DA:31,36
DA:35,2
LF:14
LH:14
BRDA:6,0,0,0
BRDA:6,0,1,2
BRDA:8,1,0,2
BRDA:8,1,1,0
BRDA:24,2,0,0
BRDA:24,2,1,2
BRF:6
BRH:3
end_of_record
TN:
SF:src/controllers/task.controller.js
FN:4,(anonymous_0)
FN:14,(anonymous_1)
FN:24,(anonymous_2)
FN:36,(anonymous_3)
FN:52,(anonymous_4)
FNF:5
FNH:4
FNDA:0,(anonymous_0)
FNDA:2,(anonymous_1)
FNDA:2,(anonymous_2)
FNDA:2,(anonymous_3)
FNDA:2,(anonymous_4)
DA:1,3
DA:3,3
DA:5,0
DA:6,0
DA:7,0
DA:9,0
DA:11,0
DA:15,2
DA:16,2
DA:17,2
DA:19,1
DA:21,1
DA:25,2
DA:26,2
DA:27,2
DA:29,2
DA:31,1
DA:33,1
DA:37,2
DA:38,2
DA:40,2
DA:42,2
DA:44,1
DA:45,1
DA:47,1
DA:49,1
DA:53,2
DA:54,2
DA:55,2
DA:57,2
DA:59,1
DA:61,1
LF:32
LH:27
BRDA:29,0,0,1
BRDA:29,0,1,1
BRDA:42,1,0,1
BRDA:42,1,1,1
BRDA:57,2,0,1
BRDA:57,2,1,1
BRF:6
BRH:6
end_of_record
TN:
SF:src/controllers/user.controller.js
FN:6,(anonymous_0)
FN:21,(anonymous_1)
FNF:2
FNH:2
FNDA:5,(anonymous_0)
FNDA:3,(anonymous_1)
DA:1,3
DA:2,3
DA:3,3
DA:5,3
DA:7,5
DA:8,5
DA:10,2
DA:16,2
DA:18,3
DA:22,3
DA:23,3
DA:25,3
DA:26,1
DA:29,2
DA:31,2
DA:32,1
DA:35,1
DA:41,1
DA:43,2
LF:19
LH:19
BRDA:25,0,0,1
BRDA:25,0,1,2
BRDA:31,1,0,1
BRDA:31,1,1,1
BRF:4
BRH:4
end_of_record
TN:
SF:src/models/task.model.js
FN:21,(anonymous_0)
FNF:1
FNH:1
FNDA:8,(anonymous_0)
DA:1,3
DA:3,3
DA:21,3
DA:22,8
DA:23,7
DA:24,7
DA:25,7
DA:29,3
DA:31,3
LF:9
LH:9
BRDA:22,0,0,7
BRDA:22,0,1,1
BRDA:22,1,0,8
BRDA:22,1,1,8
BRF:4
BRH:4
end_of_record
TN:
SF:src/models/user.model.js
FN:11,(anonymous_0)
FN:28,(anonymous_1)
FNF:2
FNH:2
FNDA:19,(anonymous_0)
FNDA:25,(anonymous_1)
DA:1,3
DA:2,3
DA:3,3
DA:5,3
DA:12,19
DA:13,19
DA:28,3
DA:29,25
DA:30,18
DA:34,3
DA:36,3
LF:11
LH:11
BRDA:29,0,0,18
BRDA:29,0,1,7
BRDA:29,1,0,25
BRDA:29,1,1,25
BRF:4
BRH:4
end_of_record
TN:
SF:src/routes/task.js
FNF:0
FNH:0
DA:1,3
DA:2,3
DA:3,3
DA:5,3
DA:6,3
DA:7,3
DA:8,3
DA:9,3
DA:10,3
DA:12,3
LF:10
LH:10
BRF:0
BRH:0
end_of_record
TN:
SF:src/routes/user.js
FNF:0
FNH:0
DA:1,3
DA:2,3
DA:4,3
DA:5,3
DA:7,3
LF:5
LH:5
BRF:0
BRH:0
end_of_record
TN:
SF:src/utils/middlewares.js
FN:4,(anonymous_0)
FNF:1
FNH:1
FNDA:11,(anonymous_0)
DA:1,3
DA:3,3
DA:5,11
DA:6,11
DA:8,11
DA:9,1
DA:12,10
DA:14,10
DA:15,1
DA:18,9
DA:20,8
DA:21,8
DA:23,3
LF:13
LH:13
BRDA:8,0,0,1
BRDA:8,0,1,10
BRDA:14,1,0,1
BRDA:14,1,1,9
BRF:4
BRH:4
end_of_record
